proguard.cfg
# This is a configuration file for ProGuard.
# http://proguard.sourceforge.net/index.html#manual/usage.html

# Optimizations: If you don't want to optimize, use the
# proguard-android.txt configuration file instead of this one, which
# turns off the optimization flags.  Adding optimization introduces
# certain risks, since for example not all optimizations performed by
# ProGuard works on all versions of Dalvik.  The following flags turn
# off various optimizations known to have issues, but the list may not
# be complete or up to date. (The "arithmetic" optimization can be
# used if you are only targeting Android 2.0 or later.)  Make sure you
# test thoroughly if you go this route.
#-optimizations !code/simplification/arithmetic,!code/simplification/cast,!field/*,!class/merging/*
#-optimizationpasses 3
-dontoptimize
-dontwarn 
-allowaccessmodification
-dontpreverify

-keepattributes Exceptions,InnerClasses,Signature,Deprecated,SourceFile,LineNumberTable,*Annotation*,EnclosingMethod 

# The remainder of this file is identical to the non-optimized version
# of the Proguard configuration file (except that the other file has
# flags to turn off optimization).

-dontusemixedcaseclassnames
-dontskipnonpubliclibraryclasses
-dontskipnonpubliclibraryclassmembers
-verbose

-keepattributes *Annotation*
-keep public class com.google.vending.licensing.ILicensingService
-keep public class com.android.vending.licensing.ILicensingService
-keep public class net.tsz.afinal.**
-keep public class com.ben.data.**
-keep public class com.piglet.dao.**


-keepclasseswithmembers class com.piglet.dao.pojo.** {
<fields>;
<methods>;
}

# For native methods, see http://proguard.sourceforge.net/manual/examples.html#native
-keepclasseswithmembernames class * {
    native <methods>;
}

# keep setters in Views so that animations can still work.
# see http://proguard.sourceforge.net/manual/examples.html#beans
-keepclassmembers public class * extends android.view.View {
   void set*(***);
   *** get*();
}

# We want to keep methods in Activity that could be used in the XML attribute onClick
-keepclassmembers class * extends android.app.Activity {
   public void *(android.view.View);
}

# For enumeration classes, see http://proguard.sourceforge.net/manual/examples.html#enumerations
-keepclassmembers enum * {
    public static **[] values();
    public static ** valueOf(java.lang.String);
}

-keep class * implements android.os.Parcelable {
  public static final android.os.Parcelable$Creator *;
}

-keepclassmembers class **.R$* {
    public static <fields>;
}

# The support library contains references to newer platform versions.
# Don't warn about those in case this app is linking against an older
# platform version.  We know about them, and they are safe.
-dontwarn android.support.**

-keepclassmembers class * {public *;}
-keep public class * {public *;} 


-keep public class * extends android.app.Activity 
-keep public class * extends android.app.Application
-keep public class * extends android.app.Service 
-keep public class * extends android.content.BroadcastReceiver 
-keep public class * extends android.content.ContentProvider 
-keep public class * extends android.app.backup.BackupAgentHelper 
-keep public class * extends android.preference.Preference

 -keep public class org.springframework.**

-keep class m.framework.**{*;}

-dontwarn org.apache.http.**
    -keep class org.apache.http.** {
    *;  
    } 
    
-dontwarn com.mysql.**

-keep class com.mysql.jdbc.**{
	*;
	}

-dontwarn org.apache.**
-dontwarn org.springframework.**
-dontwarn org.apache.commons.httpclient.**
    -keep class org.apache.commons.httpclient.** {
    *;  
    }
    
-dontwarn android.net.http.SslError
-keep class android.net.http.SslError {*;}
-keep class **.R$* {*;}