proguard/seeds.txt
com.piglet.App
com.piglet.App: com.piglet.App get()
com.piglet.App: com.piglet.core.MysqlConnection connect(com.piglet.dao.pojo.ConnectionInfo)
com.piglet.App: com.piglet.core.MysqlConnection getConnection()
com.piglet.App: void close()
com.piglet.App: void process()
com.piglet.App: void showDbs(android.os.Handler)
com.piglet.App: void selectDb(java.lang.String,android.os.Handler)
com.piglet.App: void descTable(java.lang.String,android.os.Handler)
com.piglet.App: void queryTable(java.lang.String,int,int,android.os.Handler)
com.piglet.App: void dosql(java.lang.String,android.os.Handler)
com.piglet.App$1: void run()
com.piglet.App$2: void run()
com.piglet.App$3: void run()
com.piglet.App$4: void run()
com.piglet.App$5: void run()
com.piglet.BuildConfig
com.piglet.BuildConfig: boolean DEBUG
com.piglet.BuildConfig: BuildConfig()
com.piglet.R
com.piglet.R: R()
com.piglet.R$anim
com.piglet.R$anim: int accelerate_interpolator
com.piglet.R$anim: int bottom_in
com.piglet.R$anim: int bottom_out
com.piglet.R$anim: int cloud_sync_refresh
com.piglet.R$anim: int decelerate_interpolator
com.piglet.R$anim: int dialer_hide
com.piglet.R$anim: int dialer_show
com.piglet.R$anim: int dialog_enter
com.piglet.R$anim: int dialog_exit
com.piglet.R$anim: int disappear
com.piglet.R$anim: int grow_from_bottom
com.piglet.R$anim: int grow_from_bottomleft_to_topright
com.piglet.R$anim: int grow_from_bottomright_to_topleft
com.piglet.R$anim: int grow_from_down_to_top
com.piglet.R$anim: int grow_from_top
com.piglet.R$anim: int grow_from_topleft_to_bottomright
com.piglet.R$anim: int grow_from_topright_to_bottomleft
com.piglet.R$anim: int la_page_zoom
com.piglet.R$anim: int la_pageturning_bottom
com.piglet.R$anim: int la_pageturning_top
com.piglet.R$anim: int match_sync_enter
com.piglet.R$anim: int match_sync_loading
com.piglet.R$anim: int pageturning_bottom
com.piglet.R$anim: int pageturning_top
com.piglet.R$anim: int pump_bottom
com.piglet.R$anim: int pump_top
com.piglet.R$anim: int renren_photo_bottom_in
com.piglet.R$anim: int renren_photo_bottom_out
com.piglet.R$anim: int shrink_from_bottom
com.piglet.R$anim: int shrink_from_bottomleft_to_topright
com.piglet.R$anim: int shrink_from_bottomright_to_topleft
com.piglet.R$anim: int shrink_from_top
com.piglet.R$anim: int shrink_from_topleft_to_bottomright
com.piglet.R$anim: int shrink_from_topright_to_bottomleft
com.piglet.R$array
com.piglet.R$array: int about_content
com.piglet.R$array: int about_title
com.piglet.R$array: int common_used_cmd
com.piglet.R$array: int hints
com.piglet.R$array: int main_menu
com.piglet.R$array: int ops
com.piglet.R$array: int usages
com.piglet.R$array: R$array()
com.piglet.R$attr
com.piglet.R$attr: R$attr()
...
org.springframework.jdbc.core.metadata.CallMetaDataContext
org.springframework.jdbc.core.metadata.CallMetaDataContext: CallMetaDataContext()
org.springframework.jdbc.core.metadata.CallMetaDataContext: void setFunctionReturnName(java.lang.String)
org.springframework.jdbc.core.metadata.CallMetaDataContext: java.lang.String getFunctionReturnName()
org.springframework.jdbc.core.metadata.CallMetaDataContext: void setLimitedInParameterNames(java.util.Set)
org.springframework.jdbc.core.metadata.CallMetaDataContext: java.util.Set getLimitedInParameterNames()
org.springframework.jdbc.core.metadata.CallMetaDataContext: void setOutParameterNames(java.util.List)
org.springframework.jdbc.core.metadata.CallMetaDataContext: java.util.List getOutParameterNames()
org.springframework.jdbc.core.metadata.CallMetaDataContext: void setProcedureName(java.lang.String)
org.springframework.jdbc.core.metadata.CallMetaDataContext: java.lang.String getProcedureName()
org.springframework.jdbc.core.metadata.CallMetaDataContext: void setCatalogName(java.lang.String)
org.springframework.jdbc.core.metadata.CallMetaDataContext: java.lang.String getCatalogName()
org.springframework.jdbc.core.metadata.CallMetaDataContext: void setSchemaName(java.lang.String)
org.springframework.jdbc.core.metadata.CallMetaDataContext: java.lang.String getSchemaName()
org.springframework.jdbc.core.metadata.CallMetaDataContext: void setFunction(boolean)
org.springframework.jdbc.core.metadata.CallMetaDataProvider
org.springframework.jdbc.core.metadata.CallMetaDataProvider: void initializeWithMetaData(java.sql.DatabaseMetaData)
org.springframework.jdbc.core.metadata.CallMetaDataProvider: void initializeWithProcedureColumnMetaData(java.sql.DatabaseMetaData,java.lang.String,java.lang.String,java.lang.String)
org.springframework.jdbc.core.metadata.CallMetaDataProvider: java.lang.String procedureNameToUse(java.lang.String)
org.springframework.jdbc.core.metadata.CallMetaDataProvider: java.lang.String catalogNameToUse(java.lang.String)
org.springframework.jdbc.core.metadata.CallMetaDataProvider: java.lang.String schemaNameToUse(java.lang.String)
org.springframework.jdbc.core.metadata.CallMetaDataProvider: java.lang.String metaDataCatalogNameToUse(java.lang.String)
org.springframework.jdbc.core.metadata.CallMetaDataProvider: java.lang.String metaDataSchemaNameToUse(java.lang.String)
org.springframework.jdbc.core.metadata.CallMetaDataProvider: java.lang.String parameterNameToUse(java.lang.String)
org.springframework.jdbc.core.metadata.CallMetaDataProvider: org.springframework.jdbc.core.SqlParameter createDefaultOutParameter(java.lang.String,org.springframework.jdbc.core.metadata.CallParameterMetaData)
org.springframework.jdbc.core.metadata.CallMetaDataProvider: org.springframework.jdbc.core.SqlParameter createDefaultInOutParameter(java.lang.String,org.springframework.jdbc.core.metadata.CallParameterMetaData)
org.springframework.jdbc.core.metadata.CallMetaDataProviderFactory
org.springframework.jdbc.core.metadata.CallMetaDataProviderFactory: java.util.List supportedDatabaseProductsForProcedures
org.springframework.jdbc.core.metadata.CallMetaDataProviderFactory: java.util.List supportedDatabaseProductsForFunctions
org.springframework.jdbc.core.metadata.CallMetaDataProviderFactory: CallMetaDataProviderFactory()
org.springframework.jdbc.core.metadata.CallMetaDataProviderFactory: org.springframework.jdbc.core.metadata.CallMetaDataProvider createMetaDataProvider(javax.sql.DataSource,org.springframework.jdbc.core.metadata.CallMetaDataContext)
org.springframework.jdbc.core.metadata.CallMetaDataProviderFactory$1: java.lang.Object processMetaData(java.sql.DatabaseMetaData)