proguard/mapping.txt
com.piglet.App -> com.piglet.App:
    com.piglet.App instance -> a
    com.piglet.core.MysqlConnection connection -> b
    37:37:com.piglet.App get() -> get
    41:45:com.piglet.core.MysqlConnection connect(com.piglet.dao.pojo.ConnectionInfo) -> connect
    49:49:com.piglet.core.MysqlConnection getConnection() -> getConnection
    53:57:void close() -> close
    74:74:void process() -> process
    77:96:void showDbs(android.os.Handler) -> showDbs
    99:119:void selectDb(java.lang.String,android.os.Handler) -> selectDb
    122:141:void descTable(java.lang.String,android.os.Handler) -> descTable
    144:164:void queryTable(java.lang.String,int,int,android.os.Handler) -> queryTable
    167:201:void dosql(java.lang.String,android.os.Handler) -> dosql
    30:30:com.piglet.core.MysqlConnection access$0(com.piglet.App) -> a
com.piglet.App$1 -> com.piglet.App$1:
    com.piglet.App this$0 -> a
    android.os.Handler val$handler -> b
    80:93:void run() -> run
com.piglet.App$2 -> com.piglet.App$2:
    com.piglet.App this$0 -> a
    java.lang.String val$dbname -> b
    android.os.Handler val$handler -> c
    102:116:void run() -> run
com.piglet.App$3 -> com.piglet.App$3:
    com.piglet.App this$0 -> a
    java.lang.String val$tablename -> b
    android.os.Handler val$handler -> c
    125:138:void run() -> run
com.piglet.App$4 -> com.piglet.App$4:
    com.piglet.App this$0 -> a
    java.lang.String val$tablename -> b
    int val$page -> c
    int val$pagesize -> d
    android.os.Handler val$handler -> e
    147:161:void run() -> run
com.piglet.App$5 -> com.piglet.App$5:
    com.piglet.App this$0 -> a
    java.lang.String val$sql -> b
    android.os.Handler val$handler -> c
    170:198:void run() -> run
com.piglet.BuildConfig -> com.piglet.BuildConfig:
    boolean DEBUG -> DEBUG
com.piglet.R -> com.piglet.R:
com.piglet.R$anim -> com.piglet.R$anim:
    int accelerate_interpolator -> accelerate_interpolator
    int bottom_in -> bottom_in
    int bottom_out -> bottom_out
    int cloud_sync_refresh -> cloud_sync_refresh
    int decelerate_interpolator -> decelerate_interpolator
    int dialer_hide -> dialer_hide
    int dialer_show -> dialer_show
    int dialog_enter -> dialog_enter
    int dialog_exit -> dialog_exit
    int disappear -> disappear
    int grow_from_bottom -> grow_from_bottom
    int grow_from_bottomleft_to_topright -> grow_from_bottomleft_to_topright
    int grow_from_bottomright_to_topleft -> grow_from_bottomright_to_topleft
    int grow_from_down_to_top -> grow_from_down_to_top
    int grow_from_top -> grow_from_top
    int grow_from_topleft_to_bottomright -> grow_from_topleft_to_bottomright
    int grow_from_topright_to_bottomleft -> grow_from_topright_to_bottomleft
    int la_page_zoom -> la_page_zoom
    int la_pageturning_bottom -> la_pageturning_bottom
    int la_pageturning_top -> la_pageturning_top
    int match_sync_enter -> match_sync_enter
    int match_sync_loading -> match_sync_loading
    int pageturning_bottom -> pageturning_bottom
    int pageturning_top -> pageturning_top
    int pump_bottom -> pump_bottom
    int pump_top -> pump_top
    int renren_photo_bottom_in -> renren_photo_bottom_in
    int renren_photo_bottom_out -> renren_photo_bottom_out
    int shrink_from_bottom -> shrink_from_bottom
com.piglet.R$array -> com.piglet.R$array:
    int about_content -> about_content
    int about_title -> about_title
    int common_used_cmd -> common_used_cmd
    int hints -> hints
    int main_menu -> main_menu
    int ops -> ops
    int usages -> usages
com.piglet.R$attr -> com.piglet.R$attr:
...
org.springframework.objenesis.strategy.PlatformDescription -> org.springframework.objenesis.strategy.PlatformDescription:
    java.lang.String JROCKIT -> JROCKIT
    java.lang.String GNU -> GNU
    java.lang.String SUN -> SUN
    java.lang.String OPENJDK -> OPENJDK
    java.lang.String PERC -> PERC
    java.lang.String DALVIK -> DALVIK
    java.lang.String SPECIFICATION_VERSION -> SPECIFICATION_VERSION
    java.lang.String VM_VERSION -> VM_VERSION
    java.lang.String VM_INFO -> VM_INFO
    java.lang.String VENDOR_VERSION -> VENDOR_VERSION
    java.lang.String VENDOR -> VENDOR
    java.lang.String JVM_NAME -> JVM_NAME
    int ANDROID_VERSION -> ANDROID_VERSION
    78:78:boolean isThisJVM(java.lang.String) -> isThisJVM
    82:85:int getAndroidVersion() -> a
    91:111:int getAndroidVersion0() -> b
    117:129:int getOldAndroidVersion(java.lang.Class) -> a
org.springframework.objenesis.strategy.SerializingInstantiatorStrategy -> org.springframework.objenesis.strategy.SerializingInstantiatorStrategy:
    55:71:org.springframework.objenesis.instantiator.ObjectInstantiator newInstantiatorOf(java.lang.Class) -> newInstantiatorOf
org.springframework.objenesis.strategy.SingleInstantiatorStrategy -> org.springframework.objenesis.strategy.SingleInstantiatorStrategy:
    java.lang.reflect.Constructor constructor -> a
    52:58:org.springframework.objenesis.instantiator.ObjectInstantiator newInstantiatorOf(java.lang.Class) -> newInstantiatorOf
org.springframework.objenesis.strategy.StdInstantiatorStrategy -> org.springframework.objenesis.strategy.StdInstantiatorStrategy:
    55:96:org.springframework.objenesis.instantiator.ObjectInstantiator newInstantiatorOf(java.lang.Class) -> newInstantiatorOf
org.springframework.transaction.CannotCreateTransactionException -> org.springframework.transaction.CannotCreateTransactionException:
org.springframework.transaction.HeuristicCompletionException -> org.springframework.transaction.HeuristicCompletionException:
    int STATE_UNKNOWN -> STATE_UNKNOWN
    int STATE_COMMITTED -> STATE_COMMITTED
    int STATE_ROLLED_BACK -> STATE_ROLLED_BACK
    int STATE_MIXED -> STATE_MIXED
    int outcomeState -> a
    40:48:java.lang.String getStateString(int) -> getStateString
    78:78:int getOutcomeState() -> getOutcomeState
org.springframework.transaction.IllegalTransactionStateException -> org.springframework.transaction.IllegalTransactionStateException:
org.springframework.transaction.InvalidIsolationLevelException -> org.springframework.transaction.InvalidIsolationLevelException:
org.springframework.transaction.InvalidTimeoutException -> org.springframework.transaction.InvalidTimeoutException:
    int timeout -> a
    47:47:int getTimeout() -> getTimeout
org.springframework.transaction.NestedTransactionNotSupportedException -> org.springframework.transaction.NestedTransactionNotSupportedException:
org.springframework.transaction.NoTransactionException -> org.springframework.transaction.NoTransactionException:
org.springframework.transaction.PlatformTransactionManager -> org.springframework.transaction.PlatformTransactionManager:
    org.springframework.transaction.TransactionStatus getTransaction(org.springframework.transaction.TransactionDefinition) -> getTransaction
    void commit(org.springframework.transaction.TransactionStatus) -> commit
    void rollback(org.springframework.transaction.TransactionStatus) -> rollback
org.springframework.transaction.SavepointManager -> org.springframework.transaction.SavepointManager:
    java.lang.Object createSavepoint() -> createSavepoint
    void rollbackToSavepoint(java.lang.Object) -> rollbackToSavepoint
    void releaseSavepoint(java.lang.Object) -> releaseSavepoint