proguard/usage.txt
com.piglet.widget.QuickAction:
    protected static final int ANIM_GROW_FROM_LEFT
    protected static final int ANIM_GROW_FROM_RIGHT
    protected static final int ANIM_GROW_FROM_CENTER
    protected static final int ANIM_REFLECT
    protected static final int ANIM_AUTO
    235:235:private void showArrow(int,int)
com.piglet.widget.TwoDScrollView:
    static final int ANIMATED_SCROLL_GAP
    static final float MAX_SCROLL_FACTOR
...
org.springframework.beans.factory.xml.NamespaceHandlerSupport:
    143:144:protected final void registerBeanDefinitionDecorator(java.lang.String,org.springframework.beans.factory.xml.BeanDefinitionDecorator)
    152:153:protected final void registerBeanDefinitionDecoratorForAttribute(java.lang.String,org.springframework.beans.factory.xml.BeanDefinitionDecorator)
org.springframework.beans.factory.xml.SimpleConstructorNamespaceHandler:
    private static final java.lang.String REF_SUFFIX
    private static final java.lang.String DELIMITER_PREFIX
org.springframework.beans.factory.xml.SimplePropertyNamespaceHandler:
    private static final java.lang.String REF_SUFFIX
org.springframework.beans.factory.xml.UtilNamespaceHandler:
    private static final java.lang.String SCOPE_ATTRIBUTE
org.springframework.beans.propertyeditors.CharacterEditor:
    private static final java.lang.String UNICODE_PREFIX
    private static final int UNICODE_LENGTH
org.springframework.cglib.beans.BeanCopier$Generator:
    168:168:protected java.lang.Object nextInstance(java.lang.Object)
org.springframework.cglib.beans.BeanGenerator:
    120:124:protected java.lang.Object nextInstance(java.lang.Object)
org.springframework.cglib.beans.BeanMap:
    158:160:protected BeanMap(java.lang.Object)
org.springframework.cglib.beans.BeanMap$Generator:
    134:134:protected java.lang.Object nextInstance(java.lang.Object)
org.springframework.cglib.beans.BulkBean$Generator:
    134:134:protected java.lang.Object nextInstance(java.lang.Object)
org.springframework.cglib.beans.ImmutableBean:
    private static final java.lang.String FIELD_NAME
org.springframework.cglib.beans.ImmutableBean$Generator:
    121:121:protected java.lang.Object nextInstance(java.lang.Object)
org.springframework.cglib.core.AbstractClassGenerator:
    protected abstract java.lang.Object nextInstance(java.lang.Object)
org.springframework.cglib.core.DefaultGeneratorStrategy:
    36:36:protected final org.springframework.asm.ClassWriter getClassWriter()
org.springframework.cglib.core.KeyFactory$Generator:
    160:160:protected java.lang.Object nextInstance(java.lang.Object)
org.springframework.cglib.proxy.Enhancer:
    private static final java.lang.String BOUND_FIELD
    private static final java.lang.String THREAD_CALLBACKS_FIELD
    private static final java.lang.String STATIC_CALLBACKS_FIELD
    private static final java.lang.String SET_THREAD_CALLBACKS_NAME
    private static final java.lang.String SET_STATIC_CALLBACKS_NAME
    private static final java.lang.String CONSTRUCTED_FIELD
    543:553:protected java.lang.Object nextInstance(java.lang.Object)
org.springframework.cglib.proxy.InterfaceMaker:
    98:98:protected java.lang.Object nextInstance(java.lang.Object)
org.springframework.cglib.proxy.MethodInterceptorGenerator:
    static final java.lang.String EMPTY_ARGS_NAME
    static final java.lang.String FIND_PROXY_NAME
org.springframework.cglib.proxy.MethodProxy:
    158:159:org.springframework.cglib.reflect.FastClass getFastClass()
    164:165:org.springframework.cglib.reflect.FastClass getSuperFastClass()
org.springframework.cglib.proxy.Mixin$Generator:
    186:186:protected java.lang.Object nextInstance(java.lang.Object)
org.springframework.cglib.proxy.MixinEmitter:
    private static final java.lang.String FIELD_NAME
org.springframework.cglib.proxy.Proxy:
    55:58:protected Proxy(org.springframework.cglib.proxy.InvocationHandler)
org.springframework.cglib.proxy.Proxy$ProxyImpl:
    63:64:protected Proxy$ProxyImpl(org.springframework.cglib.proxy.InvocationHandler)
org.springframework.cglib.reflect.ConstructorDelegate$Generator:
    115:115:protected java.lang.Object nextInstance(java.lang.Object)
org.springframework.cglib.reflect.FastClass:
    33:35:protected FastClass(java.lang.Class)
    193:200:protected static java.lang.String getSignatureWithoutReturnType(java.lang.String,java.lang.Class[])